<?xml version="1.0" encoding="UTF-8"?>
<!-- Generated by org.testng.reporters.JUnitReportReporter -->
<testsuite name="com.Testcases" tests="6" time="6.944" ignored="0" failures="0" timestamp="23 Jun 2020 16:45:38 GMT" skipped="0" hostname="LAPTOP-DRQ9S1MN" errors="0">
  <testcase name="isContentAvailable" time="1.502" classname="com.Testcases"/>
  <testcase name="languageFormat" time="0.304" classname="com.Testcases"/>
  <testcase name="teststatuscode" time="3.843" classname="com.Testcases"/>
  <testcase name="moviePosterUrljpgFormat" time="0.576" classname="com.Testcases"/>
  <testcase name="movieReleaseDateCheck" time="0.407" classname="com.Testcases"/>
  <testcase name="paytmMovieCodeUnique" time="0.312" classname="com.Testcases"/>
</testsuite> <!-- com.Testcases -->
