<?xml version="1.0" encoding="UTF-8"?>
<!-- Generated by org.testng.reporters.JUnitReportReporter -->
<testsuite name="com.Testcases" tests="6" time="49.469" ignored="0" failures="0" timestamp="22 Jun 2020 06:14:55 GMT" skipped="0" hostname="LAPTOP-DRQ9S1MN" errors="0">
  <testcase name="isContentAvailable" time="1.416" classname="com.Testcases"/>
  <testcase name="movieReleaseDateCheck" time="0.384" classname="com.Testcases"/>
  <testcase name="languageFormat" time="0.317" classname="com.Testcases"/>
  <testcase name="paytmMovieCodeUnique" time="0.316" classname="com.Testcases"/>
  <testcase name="moviePosterUrljpgFormat" time="0.312" classname="com.Testcases"/>
  <testcase name="teststatuscode" time="46.724" classname="com.Testcases"/>
</testsuite> <!-- com.Testcases -->
