<?xml version="1.0" encoding="UTF-8"?>
<!-- Generated by org.testng.reporters.JUnitReportReporter -->
<testsuite name="com.Contentiszero" tests="1" time="4.754" ignored="0" failures="0" timestamp="22 Jun 2020 06:10:37 GMT" skipped="0" hostname="LAPTOP-DRQ9S1MN" errors="0">
  <testcase name="isContentAvailable" time="4.754" classname="com.Contentiszero"/>
</testsuite> <!-- com.Contentiszero -->
